 
****************************************
Report : timing
        -path full
        -delay max
        -nets
        -max_paths 1
        -transition_time
Design : cpu
Version: K-2015.06
Date   : Thu May 16 13:00:48 2019
****************************************

 * Some/all delay information is back-annotated.

Operating Conditions: cb13io320_tsmc_max   Library: cb13io320_tsmc_max
Wire Load Model Mode: Inactive.

  Startpoint: inst_reg_0_
              (rising edge-triggered flip-flop clocked by clk)
  Endpoint: inst_reg_5_
            (rising edge-triggered flip-flop clocked by clk)
  Path Group: clk
  Path Type: max

Attributes:
    d - dont_touch
    u - dont_use
   mo - map_only
   so - size_only
    i - ideal_net or ideal_network
  inf - infeasible path

  Point                        Fanout     Trans      Incr       Path      Attributes
  ------------------------------------------------------------------------------------------
  clock clk (rise edge)                              0.00       0.00
  clock network delay (ideal)                        3.00       3.00
  inst_reg_0_/CP (dfnrq4)                  0.10      0.00       3.00 r
  inst_reg_0_/Q (dfnrq4)                   0.09      0.33       3.33 r
  n1057 (net)                    5                   0.00       3.33 r
  U346/Z (buffd2)                          0.11      0.13 *     3.46 r
  debuginst[0] (net)             6                   0.00       3.46 r
  U344/ZN (invbd2)                         0.09      0.06 *     3.52 f
  n687 (net)                     3                   0.00       3.52 f
  U345/ZN (nd02d2)                         0.12      0.07 *     3.59 r
  n208 (net)                     2                   0.00       3.59 r
  U358/ZN (nr02d0)                         0.37      0.21 *     3.80 f
  n660 (net)                     8                   0.00       3.80 f
  U550/ZN (nd02d0)                         0.14      0.11 *     3.91 r
  n354 (net)                     1                   0.00       3.91 r
  U553/ZN (nd03d0)                         0.16      0.10 *     4.01 f
  n360 (net)                     1                   0.00       4.01 f
  U559/ZN (nr04d0)                         0.24      0.10 *     4.11 r
  n361 (net)                     1                   0.00       4.11 r
  U560/ZN (nr02d0)                         0.14      0.10 *     4.21 f
  n362 (net)                     1                   0.00       4.21 f
  U561/ZN (nr02d0)                         0.13      0.09 *     4.30 r
  n685 (net)                     2                   0.00       4.30 r
  U562/ZN (nd12d0)                         0.10      0.07 *     4.37 f
  n364 (net)                     1                   0.00       4.37 f
  U563/ZN (nd02d0)                         0.12      0.06 *     4.43 r
  n367 (net)                     1                   0.00       4.43 r
  U566/ZN (nd03d0)                         0.44      0.23 *     4.66 f
  alub[0] (net)                  5                   0.00       4.66 f
  alu/b[0] (alu)                                     0.00       4.66 f
  alu/b[0] (net)                                     0.00       4.66 f
  alu/U130/ZN (inv0d1)                     0.11      0.07 *     4.73 r
  alu/n107 (net)                 1                   0.00       4.73 r
  alu/U154/ZN (nr02d0)                     0.20      0.11 *     4.84 f
  alu/n112 (net)                 2                   0.00       4.84 f
  alu/U159/ZN (inv0d1)                     0.08      0.06 *     4.89 r
  alu/n113 (net)                 1                   0.00       4.89 r
  alu/U160/ZN (nd12d1)                     0.09      0.06 *     4.95 f
  alu/n116 (net)                 1                   0.00       4.95 f
  alu/U161/ZN (nd02d1)                     0.12      0.06 *     5.02 r
  alu/n191 (net)                 2                   0.00       5.02 r
  alu/U84/ZN (nd02d1)                      0.13      0.08 *     5.10 f
  alu/n327 (net)                 1                   0.00       5.10 f
  alu/U283/ZN (nd02d2)                     0.09      0.06 *     5.16 r
  alu/n236 (net)                 1                   0.00       5.16 r
  alu/U264/ZN (invbd2)                     0.08      0.06 *     5.22 f
  alu/n291 (net)                 4                   0.00       5.22 f
  alu/U272/ZN (oai21d1)                    0.08      0.19 *     5.41 r
  alu/n242 (net)                 1                   0.00       5.41 r
  alu/U278/ZN (xn02d1)                     0.10      0.20 *     5.61 f
  alu/n243 (net)                 1                   0.00       5.61 f
  alu/U279/ZN (nd02d1)                     0.13      0.06 *     5.67 r
  alu/n278 (net)                 2                   0.00       5.67 r
  alu/U246/Z (an02d1)                      0.07      0.11 *     5.79 r
  alu/n324 (net)                 1                   0.00       5.79 r
  alu/U149/ZN (nd02d1)                     0.09      0.05 *     5.84 f
  alu/n267 (net)                 1                   0.00       5.84 f
  alu/U303/ZN (nr02d0)                     0.13      0.07 *     5.91 r
  alu/n268 (net)                 1                   0.00       5.91 r
  alu/U304/Z (an02d2)                      0.10      0.14 *     6.05 r
  alu/zout (net)                 4                   0.00       6.05 r
  alu/zout (alu)                                     0.00       6.05 r
  aluz (net)                                         0.00       6.05 r
  U383/ZN (nd02d1)                         0.08      0.06 *     6.11 f
  n269 (net)                     1                   0.00       6.11 f
  U452/ZN (nd12d1)                         0.07      0.04 *     6.15 r
  n274 (net)                     1                   0.00       6.15 r
  U456/ZN (nr02d0)                         0.18      0.09 *     6.24 f
  n278 (net)                     1                   0.00       6.24 f
  U462/ZN (nd02d2)                         0.12      0.08 *     6.32 r
  n280 (net)                     2                   0.00       6.32 r
  U464/ZN (nd02d2)                         0.13      0.08 *     6.41 f
  n705 (net)                     6                   0.00       6.41 f
  U957/ZN (nr02d0)                         0.11      0.06 *     6.47 r
  n899 (net)                     1                   0.00       6.47 r
  inst_reg_5_/D (dfnrq2)                   0.11      0.00 *     6.47 r
  data arrival time                                             6.47

  clock clk (rise edge)                              3.30       3.30
  clock network delay (ideal)                        3.00       6.30
  clock uncertainty                                 -0.30       6.00
  inst_reg_5_/CP (dfnrq2)                            0.00       6.00 r
  library setup time                                -0.08       5.92
  data required time                                            5.92
  ------------------------------------------------------------------------------------------
  data required time                                            5.92
  data arrival time                                            -6.47
  ------------------------------------------------------------------------------------------
  slack (VIOLATED)                                             -0.54


  Startpoint: expdin[0] (input port clocked by clk)
  Endpoint: expdout[7] (output port clocked by clk)
  Path Group: COMB
  Path Type: max

Attributes:
    d - dont_touch
    u - dont_use
   mo - map_only
   so - size_only
    i - ideal_net or ideal_network
  inf - infeasible path

  Point                        Fanout     Trans      Incr       Path      Attributes
  ------------------------------------------------------------------------------------------
  clock clk (rise edge)                              0.00       0.00
  clock network delay (ideal)                        3.00       3.00
  input external delay                               0.33       3.33 r
  expdin[0] (in)                           0.00      0.00       3.33 r
  expdin[0] (net)                1                   0.00       3.33 r
  U548/ZN (nd02d0)                         0.14      0.07 *     3.40 f
  n350 (net)                     1                   0.00       3.40 f
  U549/ZN (nd02d1)                         0.09      0.06 *     3.46 r
  n363 (net)                     1                   0.00       3.46 r
  U561/ZN (nr02d0)                         0.16      0.08 *     3.55 f
  n685 (net)                     2                   0.00       3.55 f
  U562/ZN (nd12d0)                         0.10      0.07 *     3.62 r
  n364 (net)                     1                   0.00       3.62 r
  U563/ZN (nd02d0)                         0.11      0.07 *     3.69 f
  n367 (net)                     1                   0.00       3.69 f
  U566/ZN (nd03d0)                         0.39      0.18 *     3.87 r
  alub[0] (net)                  5                   0.00       3.87 r
  alu/b[0] (alu)                                     0.00       3.87 r
  alu/b[0] (net)                                     0.00       3.87 r
  alu/U25/ZN (nd02d1)                      0.22      0.16 *     4.03 f
  alu/n95 (net)                  3                   0.00       4.03 f
  alu/U26/ZN (invbd2)                      0.07      0.04 *     4.08 r
  alu/n11 (net)                  1                   0.00       4.08 r
  alu/U27/ZN (nd02d1)                      0.12      0.07 *     4.15 f
  alu/n142 (net)                 2                   0.00       4.15 f
  alu/U28/ZN (nr03d0)                      0.18      0.09 *     4.23 r
  alu/n14 (net)                  1                   0.00       4.23 r
  alu/U29/ZN (inv0d1)                      0.11      0.09 *     4.32 f
  alu/n15 (net)                  1                   0.00       4.32 f
  alu/U302/ZN (nd02d2)                     0.12      0.08 *     4.40 r
  alu/n49 (net)                  3                   0.00       4.40 r
  alu/U38/ZN (nd02d2)                      0.10      0.07 *     4.46 f
  alu/n211 (net)                 2                   0.00       4.46 f
  alu/U245/ZN (invbd2)                     0.05      0.03 *     4.50 r
  alu/n296 (net)                 2                   0.00       4.50 r
  alu/U280/ZN (nd12d1)                     0.12      0.07 *     4.57 f
  alu/n326 (net)                 1                   0.00       4.57 f
  alu/U251/ZN (nd02d2)                     0.08      0.05 *     4.62 r
  alu/n328 (net)                 1                   0.00       4.62 r
  alu/U285/ZN (xn02d1)                     0.07      0.16 *     4.78 r
  alu/n217 (net)                 1                   0.00       4.78 r
  alu/U252/ZN (nr02d0)                     0.13      0.07 *     4.84 f
  alu/n234 (net)                 1                   0.00       4.84 f
  alu/U262/ZN (nr02d0)                     0.11      0.06 *     4.91 r
  alu/n235 (net)                 1                   0.00       4.91 r
  alu/U263/ZN (nr02d0)                     0.19      0.10 *     5.00 f
  alu/n276 (net)                 2                   0.00       5.00 f
  alu/U308/Z (or02d1)                      0.12      0.16 *     5.17 f
  alu/y[7] (net)                 3                   0.00       5.17 f
  alu/y[7] (alu)                                     0.00       5.17 f
  n986 (net)                                         0.00       5.17 f
  U1128/Z (buffd2)                         0.35      0.25 *     5.42 f
  expdout[7] (net)              28                   0.00       5.42 f
  expdout[7] (out)                         0.35      0.00 *     5.42 f
  data arrival time                                             5.42

  clock clk (rise edge)                              3.30       3.30
  clock network delay (ideal)                        3.00       6.30
  clock uncertainty                                 -0.30       6.00
  output external delay                             -0.33       5.67
  data required time                                            5.67
  ------------------------------------------------------------------------------------------
  data required time                                            5.67
  data arrival time                                            -5.42
  ------------------------------------------------------------------------------------------
  slack (MET)                                                   0.25


  Startpoint: expdin[1] (input port clocked by clk)
  Endpoint: inst_reg_5_
            (rising edge-triggered flip-flop clocked by clk)
  Path Group: INPUTS
  Path Type: max

Attributes:
    d - dont_touch
    u - dont_use
   mo - map_only
   so - size_only
    i - ideal_net or ideal_network
  inf - infeasible path

  Point                        Fanout     Trans      Incr       Path      Attributes
  ------------------------------------------------------------------------------------------
  clock clk (rise edge)                              0.00       0.00
  clock network delay (ideal)                        3.00       3.00
  input external delay                               0.33       3.33 f
  expdin[1] (in)                           0.00      0.00       3.33 f
  expdin[1] (net)                1                   0.00       3.33 f
  U468/ZN (nd02d1)                         0.08      0.04 *     3.37 r
  n282 (net)                     1                   0.00       3.37 r
  U469/ZN (inv0d1)                         0.07      0.05 *     3.41 f
  n283 (net)                     1                   0.00       3.41 f
  U470/ZN (inv0d1)                         0.06      0.04 *     3.45 r
  n284 (net)                     1                   0.00       3.45 r
  U471/ZN (nd02d1)                         0.08      0.05 *     3.50 f
  n286 (net)                     1                   0.00       3.50 f
  U571/ZN (nd12d1)                         0.12      0.12 *     3.62 f
  n318 (net)                     2                   0.00       3.62 f
  U513/ZN (nd02d1)                         0.14      0.05 *     3.67 r
  n319 (net)                     1                   0.00       3.67 r
  U514/ZN (nd02d1)                         0.09      0.07 *     3.74 f
  n322 (net)                     1                   0.00       3.74 f
  U517/ZN (nd12d1)                         0.21      0.16 *     3.90 f
  alub[1] (net)                  4                   0.00       3.90 f
  alu/b[1] (alu)                                     0.00       3.90 f
  alu/b[1] (net)                                     0.00       3.90 f
  alu/U23/ZN (inv0d1)                      0.12      0.08 *     3.98 r
  alu/n10 (net)                  3                   0.00       3.98 r
  alu/U150/ZN (nr02d0)                     0.17      0.10 *     4.08 f
  alu/n114 (net)                 2                   0.00       4.08 f
  alu/U160/ZN (nd12d1)                     0.09      0.12 *     4.20 f
  alu/n116 (net)                 1                   0.00       4.20 f
  alu/U161/ZN (nd02d1)                     0.12      0.06 *     4.27 r
  alu/n191 (net)                 2                   0.00       4.27 r
  alu/U84/ZN (nd02d1)                      0.13      0.08 *     4.35 f
  alu/n327 (net)                 1                   0.00       4.35 f
  alu/U283/ZN (nd02d2)                     0.09      0.06 *     4.41 r
  alu/n236 (net)                 1                   0.00       4.41 r
  alu/U264/ZN (invbd2)                     0.08      0.06 *     4.47 f
  alu/n291 (net)                 4                   0.00       4.47 f
  alu/U272/ZN (oai21d1)                    0.08      0.19 *     4.66 r
  alu/n242 (net)                 1                   0.00       4.66 r
  alu/U278/ZN (xn02d1)                     0.10      0.20 *     4.86 f
  alu/n243 (net)                 1                   0.00       4.86 f
  alu/U279/ZN (nd02d1)                     0.13      0.06 *     4.92 r
  alu/n278 (net)                 2                   0.00       4.92 r
  alu/U246/Z (an02d1)                      0.07      0.11 *     5.04 r
  alu/n324 (net)                 1                   0.00       5.04 r
  alu/U149/ZN (nd02d1)                     0.09      0.05 *     5.09 f
  alu/n267 (net)                 1                   0.00       5.09 f
  alu/U303/ZN (nr02d0)                     0.13      0.07 *     5.16 r
  alu/n268 (net)                 1                   0.00       5.16 r
  alu/U304/Z (an02d2)                      0.10      0.14 *     5.30 r
  alu/zout (net)                 4                   0.00       5.30 r
  alu/zout (alu)                                     0.00       5.30 r
  aluz (net)                                         0.00       5.30 r
  U383/ZN (nd02d1)                         0.08      0.06 *     5.36 f
  n269 (net)                     1                   0.00       5.36 f
  U452/ZN (nd12d1)                         0.07      0.04 *     5.40 r
  n274 (net)                     1                   0.00       5.40 r
  U456/ZN (nr02d0)                         0.18      0.09 *     5.49 f
  n278 (net)                     1                   0.00       5.49 f
  U462/ZN (nd02d2)                         0.12      0.08 *     5.57 r
  n280 (net)                     2                   0.00       5.57 r
  U464/ZN (nd02d2)                         0.13      0.08 *     5.66 f
  n705 (net)                     6                   0.00       5.66 f
  U957/ZN (nr02d0)                         0.11      0.06 *     5.72 r
  n899 (net)                     1                   0.00       5.72 r
  inst_reg_5_/D (dfnrq2)                   0.11      0.00 *     5.72 r
  data arrival time                                             5.72

  clock clk (rise edge)                              3.30       3.30
  clock network delay (ideal)                        3.00       6.30
  clock uncertainty                                 -0.30       6.00
  inst_reg_5_/CP (dfnrq2)                            0.00       6.00 r
  library setup time                                -0.08       5.92
  data required time                                            5.92
  ------------------------------------------------------------------------------------------
  data required time                                            5.92
  data arrival time                                            -5.72
  ------------------------------------------------------------------------------------------
  slack (MET)                                                   0.21


  Startpoint: inst_reg_8_
              (rising edge-triggered flip-flop clocked by clk)
  Endpoint: expwrite (output port clocked by clk)
  Path Group: OUTPUTS
  Path Type: max

Attributes:
    d - dont_touch
    u - dont_use
   mo - map_only
   so - size_only
    i - ideal_net or ideal_network
  inf - infeasible path

  Point                        Fanout     Trans      Incr       Path      Attributes
  ------------------------------------------------------------------------------------------
  clock clk (rise edge)                              0.00       0.00
  clock network delay (ideal)                        3.00       3.00
  inst_reg_8_/CP (dfnrq4)                  0.10      0.00       3.00 r
  inst_reg_8_/Q (dfnrq4)                   0.13      0.38       3.38 f
  n950 (net)                     6                   0.00       3.38 f
  U374/ZN (invbd7)                         0.08      0.05 *     3.43 r
  n962 (net)                     9                   0.00       3.43 r
  idec/inst_8__BAR (idec)                            0.00       3.43 r
  idec/inst_8__BAR (net)                             0.00       3.43 r
  idec/U10/ZN (nd02d2)                     0.07      0.05 *     3.48 f
  idec/n97 (net)                 1                   0.00       3.48 f
  idec/U9/ZN (invbd2)                      0.07      0.04 *     3.52 r
  idec/n122 (net)                4                   0.00       3.52 r
  idec/U84/ZN (nd03d0)                     0.15      0.09 *     3.61 f
  idec/n28 (net)                 1                   0.00       3.61 f
  idec/U77/ZN (nr02d0)                     0.15      0.09 *     3.70 r
  idec/n130 (net)                2                   0.00       3.70 r
  idec/U74/ZN (nr03d0)                     0.19      0.09 *     3.80 f
  idec/n177 (net)                1                   0.00       3.80 f
  idec/U68/ZN (nd02d1)                     0.12      0.08 *     3.88 r
  idec/fwe (net)                 2                   0.00       3.88 r
  idec/fwe (idec)                                    0.00       3.88 r
  idecfwe (net)                                      0.00       3.88 r
  U441/ZN (inv0d1)                         0.07      0.05 *     3.93 f
  n267 (net)                     1                   0.00       3.93 f
  U445/ZN (nr02d0)                         0.06      0.03 *     3.96 r
  expwrite (net)                 1                   0.00       3.96 r
  expwrite (out)                           0.06      0.00 *     3.96 r
  data arrival time                                             3.96

  clock clk (rise edge)                              3.30       3.30
  clock network delay (ideal)                        3.00       6.30
  clock uncertainty                                 -0.30       6.00
  output external delay                             -2.64       3.36
  data required time                                            3.36
  ------------------------------------------------------------------------------------------
  data required time                                            3.36
  data arrival time                                            -3.96
  ------------------------------------------------------------------------------------------
  slack (VIOLATED)                                             -0.60


1
