**************************************************************
* Voltage Drop Report file

* Units:
*   Length Unit         : um
*   Length Scale        : 0.001
*   Voltage Unit        : mV
*
* Cell Name : cpu
* Net Name   : VDD
* Number of Resistors: 387
* Threshold V: (min, max)=(0.064398 91.765173)
* Format: [left bottom right top] on Layer is voltage
*
[674315 231740 675315 233340] on METAL6 is 203.683e-3
[674315 231740 675315 239820] on METAL4 is 1.029
[674315 233340 675315 239820] on METAL6 is 1.029
[674315 239820 675315 351250] on METAL6 is 19.942
[674315 351250 675315 356250] on METAL6 is 19.942
[674315 346250 675315 356250] on VIA5 is 19.969
[674315 346250 675315 356250] on VIA4 is 20.026
[674315 346250 675315 356250] on VIA3 is 20.029
[674815 346250 679910 356250] on METAL3 is 20.412
[628410 346250 674815 356250] on METAL3 is 20.029
[576390 346250 628410 356250] on METAL3 is 18.903
[627410 346250 629410 356250] on VIA3 is 18.906
[627410 346250 629410 351250] on METAL4 is 18.906
[627410 351250 629410 421230] on METAL4 is 49.226
[627410 421230 629410 473070] on METAL4 is 70.659
[627410 420230 629410 422230] on VIA4 is 49.226
[628410 420230 679910 422230] on METAL5 is 49.154
[576390 420230 628410 422230] on METAL5 is 49.154
[524890 420230 576390 422230] on METAL5 is 48.252
[575390 420230 577390 422230] on VIA4 is 48.309
[575390 351250 577390 421230] on METAL4 is 48.309
[575390 421230 577390 473070] on METAL4 is 72.178
[575390 473070 577390 524100] on METAL4 is 86.287
[575390 472070 577390 474070] on VIA4 is 72.178
[576390 472070 628410 474070] on METAL5 is 72.095
[524890 472070 576390 474070] on METAL5 is 72.095
[473390 472070 524890 474070] on METAL5 is 67.229
[523890 472070 525890 474070] on VIA4 is 67.303
[523890 421230 525890 473070] on METAL4 is 67.303
[523890 473070 525890 524100] on METAL4 is 81.184
[523890 524100 525890 575940] on METAL4 is 86.792
[523890 523100 525890 525100] on VIA4 is 81.184
[524890 523100 576390 525100] on METAL5 is 86.184
[473390 523100 524890 525100] on METAL5 is 81.084
[421380 523100 473390 525100] on METAL5 is 68.333
[472390 523100 474390 525100] on VIA4 is 68.459
[472390 473070 474390 524100] on METAL4 is 68.459
[472390 524100 474390 575940] on METAL4 is 73.858
[472390 575940 474390 626970] on METAL4 is 73.858
[472390 574940 474390 576940] on VIA4 is 73.858
[473390 574940 524890 576940] on METAL5 is 86.688
[421380 574940 473390 576940] on METAL5 is 73.741
[351250 574940 421380 576940] on METAL5 is 51.566
[420380 574940 422380 576940] on VIA4 is 51.589
[420380 524100 422380 575940] on METAL4 is 51.589
[420380 575940 422380 626970] on METAL4 is 52.164
[420380 626970 422380 678000] on METAL4 is 52.164
[420380 625970 422380 627970] on VIA4 is 52.164
[421380 625970 473390 627970] on METAL5 is 72.383
[351250 625970 421380 627970] on METAL5 is 52.156
[346250 625970 351250 627970] on METAL5 is 23.989
[346250 625970 356250 627970] on VIA4 is 23.989
[346250 625970 356250 627970] on VIA3 is 23.944
[346250 625970 356250 627970] on VIA2 is 23.942
[346250 614450 356250 626970] on METAL2 is 23.94
[346250 626970 356250 678000] on METAL2 is 25.285
[346250 678000 356250 729840] on METAL2 is 25.285
[346250 677000 356250 679000] on VIA2 is 25.287
[346250 677000 356250 679000] on VIA3 is 25.288
[346250 677000 356250 679000] on VIA4 is 25.323
[351250 677000 421380 679000] on METAL5 is 46.927
[346250 677000 351250 679000] on METAL5 is 25.323
[421380 677000 473390 679000] on METAL5 is 63.074
[420380 677000 422380 679000] on VIA4 is 46.927
[420380 678000 422380 729840] on METAL4 is 46.925
[420380 729840 422380 802450] on METAL4 is 34.904
[420380 728840 422380 730840] on VIA4 is 34.904
[421380 728840 473390 730840] on METAL5 is 43.412
[351250 728840 421380 730840] on METAL5 is 34.904
[346250 728840 351250 730840] on METAL5 is 23.477
[346250 728840 356250 730840] on VIA4 is 23.477
[346250 728840 356250 730840] on VIA3 is 23.459
[346250 728840 356250 730840] on VIA2 is 23.458
[346250 729840 356250 802450] on METAL2 is 23.458
[346250 802450 356250 807450] on METAL2 is 18.532
[346250 797450 356250 807450] on VIA2 is 18.532
[351250 797450 421380 807450] on METAL3 is 18.531
[346250 797450 351250 807450] on METAL3 is 18.531
[421380 797450 473390 807450] on METAL3 is 13.774
[420380 797450 422380 807450] on VIA3 is 13.775
[420380 802450 422380 807450] on METAL4 is 13.775
[473390 797450 499520 807450] on METAL3 is 7.218
[472390 797450 474390 807450] on VIA3 is 7.221
[472390 729840 474390 802450] on METAL4 is 43.431
[472390 802450 474390 807450] on METAL4 is 7.221
[472390 678000 474390 729840] on METAL4 is 63.153
[472390 728840 474390 730840] on VIA4 is 43.431
[473390 728840 524890 730840] on METAL5 is 50.359
[524890 728840 576390 730840] on METAL5 is 56.38
[523890 728840 525890 730840] on VIA4 is 50.371
[523890 678000 525890 729840] on METAL4 is 73.077
[523890 729840 525890 802450] on METAL4 is 50.371
[523890 802450 525890 807450] on METAL4 is 9.645
[523890 797450 525890 807450] on VIA3 is 9.645
[524890 797450 576390 807450] on METAL3 is 20.762
[499520 797450 524890 807450] on METAL3 is 9.642
[494670 797450 504370 807450] on VIA3 is 1.319
[494670 797450 504370 807450] on VIA4 is 1.316
[494670 797450 504370 807450] on VIA5 is 1.264
[494670 797450 504370 802450] on METAL6 is 1.24
[494670 802450 504370 808555] on METAL6 is 1.24
[494670 808555 504370 808965] on METAL6 is 78.036e-3
[494670 808145 504370 808965] on VIA5 is 78.036e-3
[494670 808145 504370 808965] on VIA4 is 78.036e-3
[494670 808145 504370 808965] on VIA3 is 78.036e-3
[499520 808145 504370 808965] on METAL3 is 78.036e-3
[494670 808145 499520 808965] on METAL3 is 78.036e-3
[494670 808145 504370 808965] on VIA2 is 78.036e-3
[499520 808145 504370 808965] on METAL2 is 78.036e-3
[494670 808145 499520 808965] on METAL2 is 78.036e-3
[576390 797450 615815 807450] on METAL3 is 25.401
[575390 797450 577390 807450] on VIA3 is 20.764
[575390 729840 577390 802450] on METAL4 is 56.432
[575390 802450 577390 807450] on METAL4 is 20.764
[575390 678000 577390 729840] on METAL4 is 78.123
[575390 728840 577390 730840] on VIA4 is 56.432
[576390 728840 628410 730840] on METAL5 is 58.478
[628410 728840 679910 730840] on METAL5 is 58.478
[627410 728840 629410 730840] on VIA4 is 58.538
[627410 678000 629410 729840] on METAL4 is 77.682
[627410 729840 629410 802450] on METAL4 is 58.538
[627410 802450 629410 807450] on METAL4 is 27.698
[627410 797450 629410 807450] on VIA3 is 27.698
[628410 797450 679910 807450] on METAL3 is 32.707
[615815 797450 628410 807450] on METAL3 is 27.696
[615315 797450 616315 807450] on VIA3 is 25.401
[615315 797450 616315 807450] on VIA4 is 25.397
[615315 797450 616315 807450] on VIA5 is 25.325
[615315 797450 616315 802450] on METAL6 is 25.291
[615315 802450 616315 913890] on METAL6 is 25.291
[615315 913890 616315 920370] on METAL6 is 1.304
[615315 913890 616315 921970] on METAL4 is 1.304
[615315 920370 616315 921970] on METAL6 is 258.289e-3
[615315 920370 616315 926370] on METAL2 is 258.289e-3
[679910 797450 731410 807450] on METAL3 is 34.412
[678910 797450 680910 807450] on VIA3 is 32.709
[678910 729840 680910 802450] on METAL4 is 56.012
[678910 802450 680910 807450] on METAL4 is 32.709
[678910 678000 680910 729840] on METAL4 is 70.722
[678910 728840 680910 730840] on VIA4 is 56.012
[679910 728840 731410 730840] on METAL5 is 55.94
[731410 728840 804500 730840] on METAL5 is 47.888
[730410 728840 732410 730840] on VIA4 is 47.912
[730410 678000 732410 729840] on METAL4 is 55.783
[730410 729840 732410 802450] on METAL4 is 47.912
[730410 802450 732410 807450] on METAL4 is 34.413
[730410 797450 732410 807450] on VIA3 is 34.413
[731410 797450 804500 807450] on METAL3 is 34.412
[804500 797450 809500 807450] on METAL3 is 34.114
[799500 797450 809500 807450] on VIA2 is 34.114
[799500 729840 809500 802450] on METAL2 is 34.114
[799500 802450 809500 807450] on METAL2 is 34.114
[799500 678000 809500 729840] on METAL2 is 33.818
[799500 728840 809500 730840] on VIA2 is 33.819
[799500 728840 809500 730840] on VIA3 is 33.82
[799500 728840 809500 730840] on VIA4 is 33.842
[804500 728840 809500 730840] on METAL5 is 33.842
[799500 673450 809500 678000] on METAL2 is 31.615
[799500 677000 809500 679000] on VIA2 is 31.616
[799500 677000 809500 679000] on VIA3 is 31.618
[799500 677000 809500 679000] on VIA4 is 31.655
[804500 677000 809500 679000] on METAL5 is 31.655
[731410 677000 804500 679000] on METAL5 is 55.755
[679910 677000 731410 679000] on METAL5 is 70.619
[730410 677000 732410 679000] on VIA4 is 55.783
[730410 626970 732410 678000] on METAL4 is 58.179
[730410 575940 732410 626970] on METAL4 is 58.179
[730410 625970 732410 627970] on VIA4 is 58.179
[731410 625970 804500 627970] on METAL5 is 58.145
[679910 625970 731410 627970] on METAL5 is 77.236
[628410 625970 679910 627970] on METAL5 is 87.181
[678910 625970 680910 627970] on VIA4 is 77.355
[678910 575940 680910 626970] on METAL4 is 77.49
[678910 626970 680910 678000] on METAL4 is 77.355
[678910 677000 680910 679000] on VIA4 is 70.722
[628410 677000 679910 679000] on METAL5 is 77.597
[576390 677000 628410 679000] on METAL5 is 78.051
[627410 677000 629410 679000] on VIA4 is 77.682
[627410 626970 629410 678000] on METAL4 is 87.283
[627410 575940 629410 626970] on METAL4 is 89.068
[627410 625970 629410 627970] on VIA4 is 87.283
[576390 625970 628410 627970] on METAL5 is 89.327
[524890 625970 576390 627970] on METAL5 is 89.327
[575390 625970 577390 627970] on VIA4 is 89.42
[575390 575940 577390 626970] on METAL4 is 91.765
[575390 626970 577390 678000] on METAL4 is 89.42
[575390 677000 577390 679000] on VIA4 is 78.123
[524890 677000 576390 679000] on METAL5 is 78.051
[473390 677000 524890 679000] on METAL5 is 73.013
[523890 677000 525890 679000] on VIA4 is 73.077
[523890 626970 525890 678000] on METAL4 is 84.418
[523890 575940 525890 626970] on METAL4 is 86.792
[523890 625970 525890 627970] on VIA4 is 84.418
[473390 625970 524890 627970] on METAL5 is 84.327
[472390 625970 474390 627970] on VIA4 is 72.488
[472390 626970 474390 678000] on METAL4 is 72.488
[472390 677000 474390 679000] on VIA4 is 63.153
[523890 574940 525890 576940] on VIA4 is 86.792
[524890 574940 576390 576940] on METAL5 is 91.665
[576390 574940 628410 576940] on METAL5 is 91.665
[575390 574940 577390 576940] on VIA4 is 91.765
[575390 524100 577390 575940] on METAL4 is 91.765
[575390 523100 577390 525100] on VIA4 is 86.287
[576390 523100 628410 525100] on METAL5 is 86.184
[628410 523100 679910 525100] on METAL5 is 83.326
[627410 523100 629410 525100] on VIA4 is 83.44
[627410 473070 629410 524100] on METAL4 is 83.44
[627410 524100 629410 575940] on METAL4 is 89.068
[627410 574940 629410 576940] on VIA4 is 89.068
[628410 574940 679910 576940] on METAL5 is 88.952
[679910 574940 731410 576940] on METAL5 is 77.356
[678910 574940 680910 576940] on VIA4 is 77.49
[678910 524100 680910 575940] on METAL4 is 77.49
[678910 473070 680910 524100] on METAL4 is 71.892
[678910 523100 680910 525100] on VIA4 is 71.892
[679910 523100 731410 525100] on METAL5 is 71.747
[731410 523100 804500 525100] on METAL5 is 49.022
[730410 523100 732410 525100] on VIA4 is 49.129
[730410 473070 732410 524100] on METAL4 is 49.129
[730410 524100 732410 575940] on METAL4 is 55.529
[730410 574940 732410 576940] on VIA4 is 55.529
[731410 574940 804500 576940] on METAL5 is 55.479
[804500 574940 809500 576940] on METAL5 is 18.936
[799500 574940 809500 576940] on VIA4 is 18.936
[799500 574940 809500 576940] on VIA3 is 18.88
[799500 574940 809500 576940] on VIA2 is 18.877
[799500 524100 809500 575940] on METAL2 is 18.875
[799500 575940 809500 626970] on METAL2 is 27.331
[799500 626970 809500 673450] on METAL2 is 31.121
[799500 625970 809500 627970] on VIA2 is 27.333
[799500 625970 809500 627970] on VIA3 is 27.336
[799500 625970 809500 627970] on VIA4 is 27.383
[804500 625970 809500 627970] on METAL5 is 27.383
[799500 672950 809500 673950] on VIA2 is 31.121
[799500 672950 809500 673950] on VIA3 is 31.119
[799500 672950 809500 673950] on VIA4 is 31.118
[804500 672950 915940 673950] on METAL5 is 31.087
[799500 672950 804500 673950] on METAL5 is 31.087
[915940 672950 922420 673950] on METAL5 is 1.088
[915940 672950 924020 673950] on METAL4 is 1.088
[922420 672950 924020 673950] on METAL5 is 215.365e-3
[922420 672950 928420 673950] on METAL2 is 215.365e-3
[799500 520675 809500 524100] on METAL2 is 5.101
[799500 523100 809500 525100] on VIA2 is 5.104
[799500 523100 809500 525100] on VIA3 is 5.107
[799500 523100 809500 525100] on VIA4 is 5.174
[804500 523100 809500 525100] on METAL5 is 5.174
[799500 473070 809500 520675] on METAL2 is 11.799
[799500 515825 809500 525525] on VIA2 is 3.78
[799500 515825 809500 525525] on VIA3 is 3.777
[799500 515825 809500 525525] on VIA4 is 3.774
[804500 515825 810605 525525] on METAL5 is 3.722
[799500 515825 804500 525525] on METAL5 is 3.722
[810605 515825 811015 525525] on METAL5 is 234.231e-3
[810195 515825 811015 525525] on VIA4 is 234.231e-3
[810195 515825 811015 525525] on VIA3 is 234.231e-3
[810195 515825 811015 520675] on METAL3 is 234.231e-3
[810195 520675 811015 525525] on METAL3 is 234.231e-3
[810195 515825 811015 525525] on VIA2 is 234.231e-3
[810195 515825 811015 520675] on METAL2 is 234.231e-3
[810195 520675 811015 525525] on METAL2 is 234.231e-3
[799500 421230 809500 473070] on METAL2 is 16.054
[799500 472070 809500 474070] on VIA2 is 11.802
[799500 472070 809500 474070] on VIA3 is 11.804
[799500 472070 809500 474070] on VIA4 is 11.852
[804500 472070 809500 474070] on METAL5 is 11.852
[731410 472070 804500 474070] on METAL5 is 43.424
[679910 472070 731410 474070] on METAL5 is 61.536
[730410 472070 732410 474070] on VIA4 is 43.478
[730410 421230 732410 473070] on METAL4 is 43.478
[730410 351250 732410 421230] on METAL4 is 34.196
[730410 420230 732410 422230] on VIA4 is 34.196
[731410 420230 804500 422230] on METAL5 is 34.166
[679910 420230 731410 422230] on METAL5 is 44.57
[678910 420230 680910 422230] on VIA4 is 44.646
[678910 351250 680910 421230] on METAL4 is 44.646
[678910 421230 680910 473070] on METAL4 is 61.655
[678910 472070 680910 474070] on VIA4 is 61.655
[628410 472070 679910 474070] on METAL5 is 70.561
[627410 472070 629410 474070] on VIA4 is 70.659
[678910 346250 680910 351250] on METAL4 is 20.414
[678910 346250 680910 356250] on VIA3 is 20.414
[679910 346250 731410 356250] on METAL3 is 20.717
[731410 346250 804500 356250] on METAL3 is 20.717
[730410 346250 732410 356250] on VIA3 is 20.718
[730410 346250 732410 351250] on METAL4 is 20.718
[804500 346250 809500 356250] on METAL3 is 18.335
[799500 346250 809500 356250] on VIA2 is 18.335
[799500 346250 809500 351250] on METAL2 is 18.335
[799500 351250 809500 421230] on METAL2 is 18.335
[799500 420230 809500 422230] on VIA2 is 16.055
[799500 420230 809500 422230] on VIA3 is 16.056
[799500 420230 809500 422230] on VIA4 is 16.084
[804500 420230 809500 422230] on METAL5 is 16.084
[346250 575940 356250 614450] on METAL2 is 22.604
[346250 613950 356250 614950] on VIA2 is 22.604
[346250 613950 356250 614950] on VIA3 is 22.603
[346250 613950 356250 614950] on VIA4 is 22.602
[351250 613950 356250 614950] on METAL5 is 22.58
[239820 613950 351250 614950] on METAL5 is 22.58
[233340 613950 239820 614950] on METAL5 is 790.024e-3
[231740 613950 239820 614950] on METAL4 is 790.012e-3
[231740 613950 233340 614950] on METAL5 is 156.44e-3
[227340 613950 233340 614950] on METAL2 is 156.44e-3
[346250 524100 356250 575940] on METAL2 is 19.249
[346250 574940 356250 576940] on VIA2 is 19.251
[346250 574940 356250 576940] on VIA3 is 19.253
[346250 574940 356250 576940] on VIA4 is 19.305
[346250 574940 351250 576940] on METAL5 is 19.305
[346250 498835 356250 524100] on METAL2 is 9.962
[346250 523100 356250 525100] on VIA2 is 9.965
[346250 523100 356250 525100] on VIA3 is 9.968
[346250 523100 356250 525100] on VIA4 is 10.025
[351250 523100 421380 525100] on METAL5 is 45.718
[346250 523100 351250 525100] on METAL5 is 10.025
[420380 523100 422380 525100] on VIA4 is 45.768
[420380 473070 422380 524100] on METAL4 is 45.768
[420380 421230 422380 473070] on METAL4 is 37.495
[420380 472070 422380 474070] on VIA4 is 37.495
[421380 472070 473390 474070] on METAL5 is 56.643
[351250 472070 421380 474070] on METAL5 is 37.447
[346250 472070 351250 474070] on METAL5 is 6.519
[346250 472070 356250 474070] on VIA4 is 6.519
[346250 472070 356250 474070] on VIA3 is 6.47
[346250 472070 356250 474070] on VIA2 is 6.468
[346250 421230 356250 473070] on METAL2 is 9.137
[346250 473070 356250 498835] on METAL2 is 6.465
[346250 493985 356250 503685] on VIA2 is 2.865
[346250 493985 356250 503685] on VIA3 is 2.863
[346250 493985 356250 503685] on VIA4 is 2.86
[351250 493985 356250 503685] on METAL5 is 2.821
[345155 493985 351250 503685] on METAL5 is 2.821
[344745 493985 345155 503685] on METAL5 is 177.809e-3
[344745 493985 345565 503685] on VIA4 is 177.809e-3
[344745 493985 345565 503685] on VIA3 is 177.809e-3
[344745 493985 345565 498835] on METAL3 is 177.809e-3
[344745 498835 345565 503685] on METAL3 is 177.809e-3
[344745 493985 345565 503685] on VIA2 is 177.809e-3
[344745 493985 345565 498835] on METAL2 is 177.809e-3
[344745 498835 345565 503685] on METAL2 is 177.809e-3
[346250 351250 356250 421230] on METAL2 is 9.357
[346250 420230 356250 422230] on VIA2 is 9.138
[346250 420230 356250 422230] on VIA3 is 9.14
[346250 420230 356250 422230] on VIA4 is 9.167
[351250 420230 421380 422230] on METAL5 is 26.138
[346250 420230 351250 422230] on METAL5 is 9.167
[421380 420230 473390 422230] on METAL5 is 36.884
[420380 420230 422380 422230] on VIA4 is 26.161
[420380 351250 422380 421230] on METAL4 is 26.161
[420380 346250 422380 351250] on METAL4 is 9.579
[420380 346250 422380 356250] on VIA3 is 9.579
[421380 346250 473390 356250] on METAL3 is 9.578
[351250 346250 421380 356250] on METAL3 is 9.578
[346250 346250 351250 356250] on METAL3 is 9.357
[346250 346250 356250 356250] on VIA2 is 9.357
[346250 346250 356250 351250] on METAL2 is 9.357
[473390 346250 521360 356250] on METAL3 is 7.276
[472390 346250 474390 356250] on VIA3 is 7.278
[472390 346250 474390 351250] on METAL4 is 7.278
[472390 351250 474390 421230] on METAL4 is 36.943
[472390 421230 474390 473070] on METAL4 is 56.753
[472390 420230 474390 422230] on VIA4 is 36.943
[473390 420230 524890 422230] on METAL5 is 43.036
[523890 420230 525890 422230] on VIA4 is 43.049
[523890 351250 525890 421230] on METAL4 is 43.049
[523890 346250 525890 351250] on METAL4 is 2.248
[523890 346250 525890 356250] on VIA3 is 2.248
[524890 346250 576390 356250] on METAL3 is 13.134
[521360 346250 524890 356250] on METAL3 is 2.245
[516510 346250 526210 356250] on VIA3 is 1.087
[516510 346250 526210 356250] on VIA4 is 1.084
[516510 346250 526210 356250] on VIA5 is 1.042
[516510 345155 526210 351250] on METAL6 is 1.022
[516510 351250 526210 356250] on METAL6 is 1.022
[516510 344745 526210 345155] on METAL6 is 64.398e-3
[516510 344745 526210 345565] on VIA5 is 64.398e-3
[516510 344745 526210 345565] on VIA4 is 64.398e-3
[516510 344745 526210 345565] on VIA3 is 64.398e-3
[521360 344745 526210 345565] on METAL3 is 64.398e-3
[516510 344745 521360 345565] on METAL3 is 64.398e-3
[516510 344745 526210 345565] on VIA2 is 64.398e-3
[521360 344745 526210 345565] on METAL2 is 64.398e-3
[516510 344745 521360 345565] on METAL2 is 64.398e-3
[575390 346250 577390 356250] on VIA3 is 13.136
[575390 346250 577390 351250] on METAL4 is 13.136
[472390 472070 474390 474070] on VIA4 is 56.753
[674315 227340 675315 233340] on METAL2 is 203.683e-3
